#
# There is insufficient memory for the Java Runtime Environment to continue.
# Native memory allocation (mmap) failed to map 134217728 bytes for G1 virtual space
# Possible reasons:
#   The system is out of physical RAM or swap space
#   The process is running with CompressedOops enabled, and the Java Heap may be blocking the growth of the native heap
# Possible solutions:
#   Reduce memory load on the system
#   Increase physical memory or swap space
#   Check if swap backing store is full
#   Decrease Java heap size (-Xmx/-Xms)
#   Decrease number of Java threads
#   Decrease Java thread stack sizes (-Xss)
#   Set larger code cache with -XX:ReservedCodeCacheSize=
#   JVM is running with Unscaled Compressed Oops mode in which the Java heap is
#     placed in the first 4GB address space. The Java Heap base address is the
#     maximum limit for the native heap growth. Please use -XX:HeapBaseMinAddress
#     to set the Java Heap base and to place the Java Heap above 4GB virtual address.
# This output file may be truncated or incomplete.
#
#  Out of Memory Error (os_windows.cpp:3530), pid=13408, tid=12680
#
# JRE version:  (18.0.1.1+2) (build )
# Java VM: OpenJDK 64-Bit Server VM (18.0.1.1+2-6, mixed mode, sharing, tiered, compressed oops, compressed class ptrs, g1 gc, windows-amd64)
# No core dump will be written. Minidumps are not enabled by default on client versions of Windows
#

---------------  S U M M A R Y ------------

Command Line: -javaagent:C:\Program Files\JetBrains\IntelliJ IDEA Community Edition 2022.1.3\lib\idea_rt.jar=61962:C:\Program Files\JetBrains\IntelliJ IDEA Community Edition 2022.1.3\bin -Dfile.encoding=windows-1252 com.jukebox.main.MusicPlayerMain

Host: Intel(R) Core(TM) i5-9300H CPU @ 2.40GHz, 8 cores, 7G,  Windows 10 , 64 bit Build 19041 (10.0.19041.1889)
Time: Mon Sep 19 17:25:23 2022 India Standard Time elapsed time: 0.016820 seconds (0d 0h 0m 0s)

---------------  T H R E A D  ---------------

Current thread (0x00000243a89fc0a0):  JavaThread "Unknown thread" [_thread_in_vm, id=12680, stack(0x000000f9e7b00000,0x000000f9e7c00000)]

Stack: [0x000000f9e7b00000,0x000000f9e7c00000]
Native frames: (J=compiled Java code, j=interpreted, Vv=VM code, C=native code)
V  [jvm.dll+0x69887a]
V  [jvm.dll+0x7f38bd]
V  [jvm.dll+0x7f51ce]
V  [jvm.dll+0x7f5883]
V  [jvm.dll+0x25ca3f]
V  [jvm.dll+0x6957c9]
V  [jvm.dll+0x68a2fa]
V  [jvm.dll+0x321efb]
V  [jvm.dll+0x3298d6]
V  [jvm.dll+0x37e47e]
V  [jvm.dll+0x37e6af]
V  [jvm.dll+0x2f9c7a]
V  [jvm.dll+0x2facdd]
V  [jvm.dll+0x7c24f0]
V  [jvm.dll+0x38b801]
V  [jvm.dll+0x7a1203]
V  [jvm.dll+0x40d6bf]
V  [jvm.dll+0x40f091]
C  [jli.dll+0x526b]
C  [ucrtbase.dll+0x21bb2]
C  [KERNEL32.DLL+0x17034]
C  [ntdll.dll+0x526a1]


---------------  P R O C E S S  ---------------

Threads class SMR info:
_java_thread_list=0x00007ffd2ecfd550, length=0, elements={
}

Java Threads: ( => current thread )

Other Threads:
  0x00000243a8a5d740 WorkerThread "GC Thread#0" [stack: 0x000000f9e7c00000,0x000000f9e7d00000] [id=6636]
  0x00000243a8a71310 ConcurrentGCThread "G1 Main Marker" [stack: 0x000000f9e7d00000,0x000000f9e7e00000] [id=3672]
  0x00000243a8a71d00 WorkerThread "G1 Conc#0" [stack: 0x000000f9e7e00000,0x000000f9e7f00000] [id=10724]

[error occurred during error reporting (printing all threads), id 0xc0000005, EXCEPTION_ACCESS_VIOLATION (0xc0000005) at pc=0x00007ffd2e52a217]

VM state: not at safepoint (not fully initialized)

VM Mutex/Monitor currently owned by a thread:  ([mutex/lock_event])
[0x00000243a89fb610] Heap_lock - owner thread: 0x00000243a89fc0a0

Heap address: 0x0000000081c00000, size: 2020 MB, Compressed Oops mode: 32-bit

CDS archive(s) mapped at: [0x0000000000000000-0x0000000000000000-0x0000000000000000), size 0, SharedBaseAddress: 0x0000000800000000, ArchiveRelocationMode: 0.
Narrow klass base: 0x0000000000000000, Narrow klass shift: 0, Narrow klass range: 0x0

GC Precious Log:
 CardTable entry size: 512
 Card Set container configuration: InlinePtr #cards 5 size 8 Array Of Cards #cards 12 size 40 Howl #buckets 4 coarsen threshold 1843 Howl Bitmap #cards 512 size 80 coarsen threshold 460 Card regions per heap region 1 cards per card region 2048

Heap:
 garbage-first heap   total 0K, used 0K [0x0000000081c00000, 0x0000000100000000)
  region size 1024K, 0 young (0K), 0 survivors (0K)

[error occurred during error reporting (printing heap information), id 0xc0000005, EXCEPTION_ACCESS_VIOLATION (0xc0000005) at pc=0x00007ffd2e910cb9]

GC Heap History (0 events):
No events

Deoptimization events (0 events):
No events

Classes loaded (0 events):
No events

Classes unloaded (0 events):
No events

Classes redefined (0 events):
No events

Internal exceptions (0 events):
No events

VM Operations (0 events):
No events

Events (1 events):
Event: 0.011 Loaded shared library C:\Users\Casper\.jdks\openjdk-18.0.1.1\bin\java.dll


Dynamic libraries:
0x00007ff6789a0000 - 0x00007ff6789ae000 	C:\Users\Casper\.jdks\openjdk-18.0.1.1\bin\java.exe
0x00007ffd71f10000 - 0x00007ffd72108000 	C:\WINDOWS\SYSTEM32\ntdll.dll
0x00007ffd70390000 - 0x00007ffd7044d000 	C:\WINDOWS\System32\KERNEL32.DLL
0x00007ffd6f960000 - 0x00007ffd6fc2e000 	C:\WINDOWS\System32\KERNELBASE.dll
0x00007ffd6f7e0000 - 0x00007ffd6f8e0000 	C:\WINDOWS\System32\ucrtbase.dll
0x00007ffd69630000 - 0x00007ffd69647000 	C:\Users\Casper\.jdks\openjdk-18.0.1.1\bin\jli.dll
0x00007ffd688e0000 - 0x00007ffd688fa000 	C:\Users\Casper\.jdks\openjdk-18.0.1.1\bin\VCRUNTIME140.dll
0x00007ffd71ad0000 - 0x00007ffd71c70000 	C:\WINDOWS\System32\USER32.dll
0x00007ffd6fcd0000 - 0x00007ffd6fcf2000 	C:\WINDOWS\System32\win32u.dll
0x00007ffd70780000 - 0x00007ffd707aa000 	C:\WINDOWS\System32\GDI32.dll
0x00007ffd6fe60000 - 0x00007ffd6ff6b000 	C:\WINDOWS\System32\gdi32full.dll
0x00007ffd6fc30000 - 0x00007ffd6fccd000 	C:\WINDOWS\System32\msvcp_win.dll
0x00007ffd571d0000 - 0x00007ffd5746a000 	C:\WINDOWS\WinSxS\amd64_microsoft.windows.common-controls_6595b64144ccf1df_6.0.19041.1110_none_60b5254171f9507e\COMCTL32.dll
0x00007ffd70500000 - 0x00007ffd7059e000 	C:\WINDOWS\System32\msvcrt.dll
0x00007ffd71140000 - 0x00007ffd71170000 	C:\WINDOWS\System32\IMM32.DLL
0x00007ffd6a240000 - 0x00007ffd6a24c000 	C:\Users\Casper\.jdks\openjdk-18.0.1.1\bin\vcruntime140_1.dll
0x00007ffd58b90000 - 0x00007ffd58c1d000 	C:\Users\Casper\.jdks\openjdk-18.0.1.1\bin\msvcp140.dll
0x00007ffd2e220000 - 0x00007ffd2ee30000 	C:\Users\Casper\.jdks\openjdk-18.0.1.1\bin\server\jvm.dll
0x00007ffd71920000 - 0x00007ffd719ce000 	C:\WINDOWS\System32\ADVAPI32.dll
0x00007ffd70620000 - 0x00007ffd706bc000 	C:\WINDOWS\System32\sechost.dll
0x00007ffd70b90000 - 0x00007ffd70cb5000 	C:\WINDOWS\System32\RPCRT4.dll
0x00007ffd71e60000 - 0x00007ffd71e68000 	C:\WINDOWS\System32\PSAPI.DLL
0x00007ffd68000000 - 0x00007ffd68009000 	C:\WINDOWS\SYSTEM32\WSOCK32.dll
0x00007ffd52020000 - 0x00007ffd52047000 	C:\WINDOWS\SYSTEM32\WINMM.dll
0x00007ffd709f0000 - 0x00007ffd70a5b000 	C:\WINDOWS\System32\WS2_32.dll
0x00007ffd66b00000 - 0x00007ffd66b0a000 	C:\WINDOWS\SYSTEM32\VERSION.dll
0x00007ffd6deb0000 - 0x00007ffd6dec2000 	C:\WINDOWS\SYSTEM32\kernel.appcore.dll
0x00007ffd688d0000 - 0x00007ffd688da000 	C:\Users\Casper\.jdks\openjdk-18.0.1.1\bin\jimage.dll
0x00007ffd6d400000 - 0x00007ffd6d5e4000 	C:\WINDOWS\SYSTEM32\DBGHELP.DLL
0x00007ffd66770000 - 0x00007ffd6679c000 	C:\WINDOWS\SYSTEM32\dbgcore.DLL
0x00007ffd6f750000 - 0x00007ffd6f7d2000 	C:\WINDOWS\System32\bcryptPrimitives.dll
0x00007ffd688a0000 - 0x00007ffd688ae000 	C:\Users\Casper\.jdks\openjdk-18.0.1.1\bin\instrument.dll
0x00007ffd665b0000 - 0x00007ffd665d5000 	C:\Users\Casper\.jdks\openjdk-18.0.1.1\bin\java.dll

dbghelp: loaded successfully - version: 4.0.5 - missing functions: none
symbol engine: initialized successfully - sym options: 0x614 - pdb path: .;C:\Users\Casper\.jdks\openjdk-18.0.1.1\bin;C:\WINDOWS\SYSTEM32;C:\WINDOWS\WinSxS\amd64_microsoft.windows.common-controls_6595b64144ccf1df_6.0.19041.1110_none_60b5254171f9507e;C:\Users\Casper\.jdks\openjdk-18.0.1.1\bin\server

VM Arguments:
jvm_args: -javaagent:C:\Program Files\JetBrains\IntelliJ IDEA Community Edition 2022.1.3\lib\idea_rt.jar=61962:C:\Program Files\JetBrains\IntelliJ IDEA Community Edition 2022.1.3\bin -Dfile.encoding=windows-1252 
java_command: com.jukebox.main.MusicPlayerMain
java_class_path (initial): D:\niit projects\GitLabProjectsNIIT\Project_Jukebox\c7__jukebox_project\out\production\c7__jukebox_project;C:\Users\Casper\.m2\repository\mysql\mysql-connector-java\8.0.30\mysql-connector-java-8.0.30.jar;C:\Users\Casper\.m2\repository\com\google\protobuf\protobuf-java\3.19.4\protobuf-java-3.19.4.jar;C:\Users\Casper\Desktop\jlayer-1.0.1.jar
Launcher Type: SUN_STANDARD

[Global flags]
     intx CICompilerCount                          = 4                                         {product} {ergonomic}
     uint ConcGCThreads                            = 2                                         {product} {ergonomic}
     uint G1ConcRefinementThreads                  = 8                                         {product} {ergonomic}
   size_t G1HeapRegionSize                         = 1048576                                   {product} {ergonomic}
    uintx GCDrainStackTargetSize                   = 64                                        {product} {ergonomic}
   size_t InitialHeapSize                          = 134217728                                 {product} {ergonomic}
   size_t MarkStackSize                            = 4194304                                   {product} {ergonomic}
   size_t MaxHeapSize                              = 2118123520                                {product} {ergonomic}
   size_t MinHeapDeltaBytes                        = 1048576                                   {product} {ergonomic}
   size_t MinHeapSize                              = 8388608                                   {product} {ergonomic}
    uintx NonNMethodCodeHeapSize                   = 5839372                                {pd product} {ergonomic}
    uintx NonProfiledCodeHeapSize                  = 122909434                              {pd product} {ergonomic}
    uintx ProfiledCodeHeapSize                     = 122909434                              {pd product} {ergonomic}
    uintx ReservedCodeCacheSize                    = 251658240                              {pd product} {ergonomic}
     bool SegmentedCodeCache                       = true                                      {product} {ergonomic}
   size_t SoftMaxHeapSize                          = 2118123520                             {manageable} {ergonomic}
     bool UseCompressedClassPointers               = true                           {product lp64_product} {ergonomic}
     bool UseCompressedOops                        = true                           {product lp64_product} {ergonomic}
     bool UseG1GC                                  = true                                      {product} {ergonomic}
     bool UseLargePagesIndividualAllocation        = false                                  {pd product} {ergonomic}

Logging:
Log output configuration:
 #0: stdout all=warning uptime,level,tags foldmultilines=false
 #1: stderr all=off uptime,level,tags foldmultilines=false

Environment Variables:
PATH=C:\Program Files\Eclipse Adoptium\jdk-17.0.4.101-hotspot\bin;C:\Program Files\Common Files\Oracle\Java\javapath;C:\Program Files (x86)\Common Files\Oracle\Java\javapath;C:\WINDOWS\system32;C:\WINDOWS;C:\WINDOWS\System32\Wbem;C:\WINDOWS\System32\WindowsPowerShell\v1.0\;C:\WINDOWS\System32\OpenSSH\;C:\Program Files\Git\cmd;C:\Program Files\Microsoft SQL Server\150\Tools\Binn\;C:\Program Files\Microsoft SQL Server\Client SDK\ODBC\170\Tools\Binn\;C:\Program Files\dotnet\;C:\Program Files\MySQL\MySQL Server 8.0\bin;C:\Program Files\MySQL\MySQL Shell 8.0\bin\;C:\Users\Casper\AppData\Local\Microsoft\WindowsApps;;C:\Program Files\JetBrains\IntelliJ IDEA 2022.1.2\bin;;C:\Program Files\JetBrains\IntelliJ IDEA Community Edition 2022.1.3\bin;;C:\Users\Casper\AppData\Local\JetBrains\Toolbox\scripts;C:\Users\Casper\.dotnet\tools;C:\Users\Casper\AppData\Local\Programs\Microsoft VS Code\bin
USERNAME=Casper
OS=Windows_NT
PROCESSOR_IDENTIFIER=Intel64 Family 6 Model 158 Stepping 10, GenuineIntel



---------------  S Y S T E M  ---------------

OS:
 Windows 10 , 64 bit Build 19041 (10.0.19041.1889)
OS uptime: 0 days 10:06 hours

CPU: total 8 (initial active 8) (4 cores per cpu, 2 threads per core) family 6 model 158 stepping 10 microcode 0xb4, cx8, cmov, fxsr, ht, mmx, 3dnowpref, sse, sse2, sse3, ssse3, sse4.1, sse4.2, popcnt, lzcnt, tsc, tscinvbit, avx, avx2, aes, erms, clmul, bmi1, bmi2, adx, fma, vzeroupper, clflush, clflushopt

Memory: 4k page, system-wide physical 8072M (687M free)
TotalPageFile size 32648M (AvailPageFile size 129M)
current process WorkingSet (physical memory assigned to process): 10M, peak: 10M
current process commit charge ("private bytes"): 60M, peak: 188M

vm_info: OpenJDK 64-Bit Server VM (18.0.1.1+2-6) for windows-amd64 JRE (18.0.1.1+2-6), built on Apr 25 2022 21:50:56 by "mach5one" with MS VC++ 16.8 / 16.9 (VS2019)

END.
